<?xml version="1.0" encoding="UTF-8"?>
<testsuite name="DocxControllerTest" tests="2" skipped="0" failures="0" errors="0" timestamp="2016-03-08T14:21:55" hostname="nb0-vkukanauskas" time="2.406">
  <properties/>
  <testcase name="testGetNewDocxClassName" classname="DocxControllerTest" time="0.055"/>
  <testcase name="testGetNewDocxContentSize" classname="DocxControllerTest" time="2.351"/>
  <system-out><![CDATA[]]></system-out>
  <system-err><![CDATA[log4j:WARN No appenders could be found for logger (org.docx4j.openpackaging.Base).
log4j:WARN Please initialize the log4j system properly.
log4j:WARN See http://logging.apache.org/log4j/1.2/faq.html#noconfig for more info.
]]></system-err>
</testsuite>
